
Showing logs for build [32mhuytn-org-go-demo-6-master-rele-q58bc-3[0m stage [32mfrom-build-pack[0m and container [32mstep-credential-initializer-52l99[0m
{"level":"warn","ts":1581832397.937718,"logger":"fallback-logger","caller":"logging/config.go:69","msg":"Fetch GitHub commit ID from kodata failed: \"ref: refs/heads/0.8.0-**-support-backwards-incompats\" is not a valid GitHub commit ID"}
{"level":"info","ts":1581832397.938161,"logger":"fallback-logger","caller":"creds-init/main.go:40","msg":"Credentials initialized."}

Showing logs for build [32mhuytn-org-go-demo-6-master-rele-q58bc-3[0m stage [32mfrom-build-pack[0m and container [32mstep-working-dir-initializer-7lln4[0m
{"level":"warn","ts":1581832398.8834867,"logger":"fallback-logger","caller":"logging/config.go:69","msg":"Fetch GitHub commit ID from kodata failed: open /var/run/ko/HEAD: no such file or directory"}
{"level":"info","ts":1581832398.8860836,"logger":"fallback-logger","caller":"bash/main.go:64","msg":"Successfully executed command \"sh -c mkdir -p /workspace/source\"; output "}

Showing logs for build [32mhuytn-org-go-demo-6-master-rele-q58bc-3[0m stage [32mfrom-build-pack[0m and container [32mstep-place-tools[0m

Showing logs for build [32mhuytn-org-go-demo-6-master-rele-q58bc-3[0m stage [32mfrom-build-pack[0m and container [32mstep-git-source-huytn-org-go-demo-6-master-rele-q58bc-fn97d[0m
{"level":"warn","ts":1581832405.9664948,"logger":"fallback-logger","caller":"logging/config.go:69","msg":"Fetch GitHub commit ID from kodata failed: \"ref: refs/heads/0.8.0-**-support-backwards-incompats\" is not a valid GitHub commit ID"}
{"level":"info","ts":1581832406.568786,"logger":"fallback-logger","caller":"git/git.go:103","msg":"Successfully cloned https://github.com/huytn-org/go-demo-6.git @ v2.0.5 in path /workspace/source"}

Showing logs for build [32mhuytn-org-go-demo-6-master-rele-q58bc-3[0m stage [32mfrom-build-pack[0m and container [32mstep-git-merge[0m
Using SHAs from PULL_REFS=master:d79c6b5c7af84cb22474cd514f561f6a0626d283
WARNING: no SHAs to merge, falling back to initial cloned commit

Showing logs for build [32mhuytn-org-go-demo-6-master-rele-q58bc-3[0m stage [32mfrom-build-pack[0m and container [32mstep-setup-jx-git-credentials[0m
Generated Git credentials file /workspace/xdg_config/git/credentials

Showing logs for build [32mhuytn-org-go-demo-6-master-rele-q58bc-3[0m stage [32mfrom-build-pack[0m and container [32mstep-build-make-build[0m
go: finding github.com/stretchr/ob** v0.1.1
go: finding github.com/pmezard/go-difflib v1.0.0
go: finding github.com/matttproud/golang_protobuf_extensions v1.0.1
go: finding github.com/prometheus/procfs v0.0.0-20181204211112-1dc9a6cbc91a
go: finding github.com/prometheus/client_model v0.0.0-20180712105110-5c3871d89910
go: finding github.com/beorn7/perks v0.0.0-20180321164747-3a771d992973
go: finding github.com/stretchr/testify v1.2.2
go: finding github.com/golang/protobuf v1.2.0
go: finding github.com/davecgh/go-spew v1.1.1
go: finding gopkg.in/mgo.v2 v2.0.0-20180705113604-9856a29383ce
go: finding github.com/prometheus/client_golang v0.9.2
go: finding github.com/prometheus/common v0.0.0-20181126121408-4724e9255275
go: finding golang.org/x/sync v0.0.0-20181108010431-42b317875d0f
go: finding golang.org/x/net v0.0.0-20181201002055-351d144fa1fc
go: downloading gopkg.in/mgo.v2 v2.0.0-20180705113604-9856a29383ce
go: downloading github.com/prometheus/client_golang v0.9.2
go: extracting github.com/prometheus/client_golang v0.9.2
go: downloading github.com/prometheus/common v0.0.0-20181126121408-4724e9255275
go: downloading github.com/prometheus/procfs v0.0.0-20181204211112-1dc9a6cbc91a
go: downloading github.com/beorn7/perks v0.0.0-20180321164747-3a771d992973
go: downloading github.com/prometheus/client_model v0.0.0-20180712105110-5c3871d89910
go: downloading github.com/golang/protobuf v1.2.0
go: extracting gopkg.in/mgo.v2 v2.0.0-20180705113604-9856a29383ce
go: extracting github.com/beorn7/perks v0.0.0-20180321164747-3a771d992973
go: extracting github.com/prometheus/common v0.0.0-20181126121408-4724e9255275
go: extracting github.com/prometheus/procfs v0.0.0-20181204211112-1dc9a6cbc91a
go: extracting github.com/prometheus/client_model v0.0.0-20180712105110-5c3871d89910
go: downloading github.com/matttproud/golang_protobuf_extensions v1.0.1
go: extracting github.com/matttproud/golang_protobuf_extensions v1.0.1
go: extracting github.com/golang/protobuf v1.2.0
CGO_ENABLED=0 GO15VENDOREXPERIMENT=1 go build -ldflags '' -o bin/go-demo-6 main.go

Showing logs for build [32mhuytn-org-go-demo-6-master-rele-q58bc-3[0m stage [32mfrom-build-pack[0m and container [32mstep-build-container-build[0m
[36mINFO[0m[0000] No base image, nothing to extract            
[36mINFO[0m[0000] cmd: EXPOSE                                  
[36mINFO[0m[0000] Adding exposed port: 8080/tcp                
[36mINFO[0m[0000] Using files from context: [/workspace/source/bin] 
[36mINFO[0m[0000] Skipping unpacking as no commands require it. 
[36mINFO[0m[0000] Taking snapshot of full filesystem...        
[36mINFO[0m[0000] EXPOSE 8080                                  
[36mINFO[0m[0000] cmd: EXPOSE                                  
[36mINFO[0m[0000] Adding exposed port: 8080/tcp                
[36mINFO[0m[0000] No files changed in this command, skipping snapshotting. 
[36mINFO[0m[0000] ENTRYPOINT ["/go-demo-6"]                    
[36mINFO[0m[0000] No files changed in this command, skipping snapshotting. 
[36mINFO[0m[0000] Using files from context: [/workspace/source/bin] 
[36mINFO[0m[0000] COPY ./bin/ /                                
[36mINFO[0m[0000] Taking snapshot of files...                  
2020/02/16 05:53:59 pushed blob: sha256:e18ea004334587a18407eb56b2583a60f1f65116d95dff3f125ec41289ba1d82
2020/02/16 05:54:00 pushed blob: sha256:20d80231da770ab4a035131d0edaae3ef0d25e19ba9915ea144737c2bec5a4a6
2020/02/16 05:54:00 gcr.io/shipwire-eng-core-dev/go-demo-6:2.0.5: digest: sha256:0d33a2af6e2ddde071e2ee8e43719e5215a8c2cd930db7ceeafdc8053e2730cb size: 428

Showing logs for build [32mhuytn-org-go-demo-6-master-rele-q58bc-3[0m stage [32mfrom-build-pack[0m and container [32mstep-build-post-build[0m
no CVE provider running in the current ** namespace so skip adding image to be analysed

Showing logs for build [32mhuytn-org-go-demo-6-master-rele-q58bc-3[0m stage [32mfrom-build-pack[0m and container [32mstep-promote-changelog[0m
Converted /workspace/source/charts/go-demo-6 to an unshallow repository
Generating change log from git ref 881c2a4044c675c41c996830e912d417ace4b88e => 6eab7603ded4e015c4c4f63f8070e9a12306cffe
Associating user x-0 in users.jenkins.io with email huy.nguyen@ingrammicro.com to git GitProvider user with login -0 as emails match
Adding label jenkins.io/git-github-userid=-0 to user x-0 in users.jenkins.io
WARNING: Failed to enrich commit d79c6b5c7af84cb22474cd514f561f6a0626d283 with issues: User.jenkins.io "x-0" is invalid: metadata.labels: Invalid value: "-0": a valid label must be an empty string or consist of alphanumeric characters, '-', '_' or '.', and must start and end with an alphanumeric character (e.g. 'MyValue',  or 'my_value',  or '12345', regex used for validation is '(([A-Za-z0-9][-A-Za-z0-9_.]*)?[A-Za-z0-9])?')
Associating user x-0 in users.jenkins.io with email huy.nguyen@ingrammicro.com to git GitProvider user with login -0 as emails match
Adding label jenkins.io/git-github-userid=-0 to user x-0 in users.jenkins.io
WARNING: Failed to enrich commit d79c6b5c7af84cb22474cd514f561f6a0626d283 with issues: User.jenkins.io "x-0" is invalid: metadata.labels: Invalid value: "-0": a valid label must be an empty string or consist of alphanumeric characters, '-', '_' or '.', and must start and end with an alphanumeric character (e.g. 'MyValue',  or 'my_value',  or '12345', regex used for validation is '(([A-Za-z0-9][-A-Za-z0-9_.]*)?[A-Za-z0-9])?')
Finding issues in commit messages using git format
WARNING: No release found for huytn-org/go-demo-6 and tag v2.0.5 so creating a new release
Updated the release information at https://github.com/huytn-org/go-demo-6/releases/tag/v2.0.5
generated: /workspace/source/charts/go-demo-6/templates/release.yaml
Created Release go-demo-6-2-0-5 resource in namespace **
Updating PipelineActivity huytn-org-go-demo-6-master-3 with version 2.0.5
Updated PipelineActivities huytn-org-go-demo-6-master-3 with release notes URL: https://github.com/huytn-org/go-demo-6/releases/tag/v2.0.5

Showing logs for build [32mhuytn-org-go-demo-6-master-rele-q58bc-3[0m stage [32mfrom-build-pack[0m and container [32mstep-promote-helm-release[0m
WARNING: No $CHART_REPOSITORY defined so using the default value of: http://jenkins-x-chartmuseum:8080
Adding missing Helm repo: storage.googleapis.com https://storage.googleapis.com/chartmuseum.jenkins-x.io
Successfully added Helm repository storage.googleapis.com.
Adding missing Helm repo: jenkins-x-chartmuseum http://jenkins-x-chartmuseum:8080
Successfully added Helm repository jenkins-x-chartmuseum.
WARNING: No $CHART_REPOSITORY defined so using the default value of: http://jenkins-x-chartmuseum:8080
WARNING: No $CHART_REPOSITORY defined so using the default value of: http://jenkins-x-chartmuseum:8080
Uploading chart file go-demo-6-2.0.5.tgz to http://jenkins-x-chartmuseum:8080/api/charts
Received 201 response: {"saved":true}

Showing logs for build [32mhuytn-org-go-demo-6-master-rele-q58bc-3[0m stage [32mfrom-build-pack[0m and container [32mstep-promote-jx-promote[0m
WARNING: prow based install so skip waiting for the merge of Pull Requests to go green as currently there is an issue with gettingstatuses from the PR, see https://github.com/jenkins-x/**/issues/2410
WARNING: No $CHART_REPOSITORY defined so using the default value of: http://jenkins-x-chartmuseum:8080
Promoting app go-demo-6 version 2.0.5 to namespace **-staging
WARNING: 
Created Pull Request: https://github.com/huytn-org/environment-playground-cluster-staging/pull/9
Added label updatebot to Pull Request https://github.com/huytn-org/environment-playground-cluster-staging/pull/9
got git provider status pending from PR https://github.com/huytn-org/environment-playground-cluster-staging/pull/9
got git provider status pending from PR https://github.com/huytn-org/environment-playground-cluster-staging/pull/9
got git provider status pending from PR https://github.com/huytn-org/environment-playground-cluster-staging/pull/9
got git provider status pending from PR https://github.com/huytn-org/environment-playground-cluster-staging/pull/9
Pull Request https://github.com/huytn-org/environment-playground-cluster-staging/pull/9 is merged at sha 9e99f5dfacadb769401664a16605b8cfda4629a2
Pull Request merged but we are not waiting for the update pipeline to complete!
